  stdafx.cpp
  aimbot.cpp
  AntiFlash.cpp
  Bhop.cpp
  Chams.cpp
  CommonMethods.cpp
  GlowEsp.cpp
  LocalPlayer.cpp
h:\_hacks\csgo\internals\csgo_internals\csgo_internals\localplayer.cpp(45): warning C4244: 'return': conversion from 'double' to 'float', possible loss of data
h:\_hacks\csgo\internals\csgo_internals\csgo_internals\localplayer.cpp(60): warning C4244: 'initializing': conversion from 'double' to 'float', possible loss of data
h:\_hacks\csgo\internals\csgo_internals\csgo_internals\localplayer.cpp(62): warning C4244: 'initializing': conversion from 'double' to 'float', possible loss of data
h:\_hacks\csgo\internals\csgo_internals\csgo_internals\localplayer.cpp(63): warning C4244: 'initializing': conversion from 'double' to 'float', possible loss of data
  Radar.cpp
  SolaireHub2.cpp
  TriggerBot.cpp
  Generating Code...
LINK : warning LNK4075: ignoring '/INCREMENTAL' due to '/FORCE' specification
Bhop.obj : warning LNK4006: "class Player * __cdecl GetClosestEnemy(void)" (?GetClosestEnemy@@YAPAVPlayer@@XZ) already defined in AntiFlash.obj; second definition ignored
Bhop.obj : warning LNK4006: "void __cdecl Run(void)" (?Run@@YAXXZ) already defined in AntiFlash.obj; second definition ignored
Bhop.obj : warning LNK4006: "unsigned long m_dwLocalPlayer" (?m_dwLocalPlayer@@3KA) already defined in AntiFlash.obj; second definition ignored
Bhop.obj : warning LNK4006: "unsigned long m_dwForceJump" (?m_dwForceJump@@3KA) already defined in AntiFlash.obj; second definition ignored
Bhop.obj : warning LNK4006: "unsigned long dwForceAttack" (?dwForceAttack@@3KA) already defined in AntiFlash.obj; second definition ignored
Bhop.obj : warning LNK4006: "unsigned long dwEntityList" (?dwEntityList@@3KA) already defined in AntiFlash.obj; second definition ignored
Bhop.obj : warning LNK4006: "unsigned long dwGlowObjectManager" (?dwGlowObjectManager@@3KA) already defined in AntiFlash.obj; second definition ignored
Bhop.obj : warning LNK4006: "unsigned long m_onAir" (?m_onAir@@3KA) already defined in AntiFlash.obj; second definition ignored
Bhop.obj : warning LNK4006: "unsigned long m_iCrosshairId" (?m_iCrosshairId@@3KA) already defined in AntiFlash.obj; second definition ignored
Bhop.obj : warning LNK4006: "unsigned long m_iHealth" (?m_iHealth@@3KA) already defined in AntiFlash.obj; second definition ignored
Bhop.obj : warning LNK4006: "unsigned long m_bSpotted" (?m_bSpotted@@3KA) already defined in AntiFlash.obj; second definition ignored
Bhop.obj : warning LNK4006: "unsigned long m_flFlashMaxAlpha" (?m_flFlashMaxAlpha@@3KA) already defined in AntiFlash.obj; second definition ignored
Bhop.obj : warning LNK4006: "unsigned long m_iTeamNum" (?m_iTeamNum@@3KA) already defined in AntiFlash.obj; second definition ignored
Bhop.obj : warning LNK4006: "unsigned long m_iGlowIndex" (?m_iGlowIndex@@3KA) already defined in AntiFlash.obj; second definition ignored
Bhop.obj : warning LNK4006: "struct ActiveCheats Active" (?Active@@3UActiveCheats@@A) already defined in AntiFlash.obj; second definition ignored
Bhop.obj : warning LNK4006: "struct MyPlayer Player" (?Player@@3UMyPlayer@@A) already defined in AntiFlash.obj; second definition ignored
Bhop.obj : warning LNK4006: "unsigned long dwClient" (?dwClient@@3KA) already defined in AntiFlash.obj; second definition ignored
Chams.obj : warning LNK4006: "class Player * __cdecl GetClosestEnemy(void)" (?GetClosestEnemy@@YAPAVPlayer@@XZ) already defined in AntiFlash.obj; second definition ignored
Chams.obj : warning LNK4006: "void __cdecl Run(void)" (?Run@@YAXXZ) already defined in AntiFlash.obj; second definition ignored
Chams.obj : warning LNK4006: "unsigned long m_dwLocalPlayer" (?m_dwLocalPlayer@@3KA) already defined in AntiFlash.obj; second definition ignored
Chams.obj : warning LNK4006: "unsigned long m_dwForceJump" (?m_dwForceJump@@3KA) already defined in AntiFlash.obj; second definition ignored
Chams.obj : warning LNK4006: "unsigned long dwForceAttack" (?dwForceAttack@@3KA) already defined in AntiFlash.obj; second definition ignored
Chams.obj : warning LNK4006: "unsigned long dwEntityList" (?dwEntityList@@3KA) already defined in AntiFlash.obj; second definition ignored
Chams.obj : warning LNK4006: "unsigned long dwGlowObjectManager" (?dwGlowObjectManager@@3KA) already defined in AntiFlash.obj; second definition ignored
Chams.obj : warning LNK4006: "unsigned long m_onAir" (?m_onAir@@3KA) already defined in AntiFlash.obj; second definition ignored
Chams.obj : warning LNK4006: "unsigned long m_iCrosshairId" (?m_iCrosshairId@@3KA) already defined in AntiFlash.obj; second definition ignored
Chams.obj : warning LNK4006: "unsigned long m_iHealth" (?m_iHealth@@3KA) already defined in AntiFlash.obj; second definition ignored
Chams.obj : warning LNK4006: "unsigned long m_bSpotted" (?m_bSpotted@@3KA) already defined in AntiFlash.obj; second definition ignored
Chams.obj : warning LNK4006: "unsigned long m_flFlashMaxAlpha" (?m_flFlashMaxAlpha@@3KA) already defined in AntiFlash.obj; second definition ignored
Chams.obj : warning LNK4006: "unsigned long m_iTeamNum" (?m_iTeamNum@@3KA) already defined in AntiFlash.obj; second definition ignored
Chams.obj : warning LNK4006: "unsigned long m_iGlowIndex" (?m_iGlowIndex@@3KA) already defined in AntiFlash.obj; second definition ignored
Chams.obj : warning LNK4006: "struct ActiveCheats Active" (?Active@@3UActiveCheats@@A) already defined in AntiFlash.obj; second definition ignored
Chams.obj : warning LNK4006: "struct MyPlayer Player" (?Player@@3UMyPlayer@@A) already defined in AntiFlash.obj; second definition ignored
Chams.obj : warning LNK4006: "unsigned long dwClient" (?dwClient@@3KA) already defined in AntiFlash.obj; second definition ignored
CommonMethods.obj : warning LNK4006: "class Player * __cdecl GetClosestEnemy(void)" (?GetClosestEnemy@@YAPAVPlayer@@XZ) already defined in AntiFlash.obj; second definition ignored
CommonMethods.obj : warning LNK4006: "void __cdecl Run(void)" (?Run@@YAXXZ) already defined in AntiFlash.obj; second definition ignored
CommonMethods.obj : warning LNK4006: "unsigned long m_dwLocalPlayer" (?m_dwLocalPlayer@@3KA) already defined in AntiFlash.obj; second definition ignored
CommonMethods.obj : warning LNK4006: "unsigned long m_dwForceJump" (?m_dwForceJump@@3KA) already defined in AntiFlash.obj; second definition ignored
CommonMethods.obj : warning LNK4006: "unsigned long dwForceAttack" (?dwForceAttack@@3KA) already defined in AntiFlash.obj; second definition ignored
CommonMethods.obj : warning LNK4006: "unsigned long dwEntityList" (?dwEntityList@@3KA) already defined in AntiFlash.obj; second definition ignored
CommonMethods.obj : warning LNK4006: "unsigned long dwGlowObjectManager" (?dwGlowObjectManager@@3KA) already defined in AntiFlash.obj; second definition ignored
CommonMethods.obj : warning LNK4006: "unsigned long m_onAir" (?m_onAir@@3KA) already defined in AntiFlash.obj; second definition ignored
CommonMethods.obj : warning LNK4006: "unsigned long m_iCrosshairId" (?m_iCrosshairId@@3KA) already defined in AntiFlash.obj; second definition ignored
CommonMethods.obj : warning LNK4006: "unsigned long m_iHealth" (?m_iHealth@@3KA) already defined in AntiFlash.obj; second definition ignored
CommonMethods.obj : warning LNK4006: "unsigned long m_bSpotted" (?m_bSpotted@@3KA) already defined in AntiFlash.obj; second definition ignored
CommonMethods.obj : warning LNK4006: "unsigned long m_flFlashMaxAlpha" (?m_flFlashMaxAlpha@@3KA) already defined in AntiFlash.obj; second definition ignored
CommonMethods.obj : warning LNK4006: "unsigned long m_iTeamNum" (?m_iTeamNum@@3KA) already defined in AntiFlash.obj; second definition ignored
CommonMethods.obj : warning LNK4006: "unsigned long m_iGlowIndex" (?m_iGlowIndex@@3KA) already defined in AntiFlash.obj; second definition ignored
CommonMethods.obj : warning LNK4006: "struct ActiveCheats Active" (?Active@@3UActiveCheats@@A) already defined in AntiFlash.obj; second definition ignored
CommonMethods.obj : warning LNK4006: "struct MyPlayer Player" (?Player@@3UMyPlayer@@A) already defined in AntiFlash.obj; second definition ignored
CommonMethods.obj : warning LNK4006: "unsigned long dwClient" (?dwClient@@3KA) already defined in AntiFlash.obj; second definition ignored
GlowEsp.obj : warning LNK4006: "class Player * __cdecl GetClosestEnemy(void)" (?GetClosestEnemy@@YAPAVPlayer@@XZ) already defined in AntiFlash.obj; second definition ignored
GlowEsp.obj : warning LNK4006: "void __cdecl Run(void)" (?Run@@YAXXZ) already defined in AntiFlash.obj; second definition ignored
GlowEsp.obj : warning LNK4006: "unsigned long m_dwLocalPlayer" (?m_dwLocalPlayer@@3KA) already defined in AntiFlash.obj; second definition ignored
GlowEsp.obj : warning LNK4006: "unsigned long m_dwForceJump" (?m_dwForceJump@@3KA) already defined in AntiFlash.obj; second definition ignored
GlowEsp.obj : warning LNK4006: "unsigned long dwForceAttack" (?dwForceAttack@@3KA) already defined in AntiFlash.obj; second definition ignored
GlowEsp.obj : warning LNK4006: "unsigned long dwEntityList" (?dwEntityList@@3KA) already defined in AntiFlash.obj; second definition ignored
GlowEsp.obj : warning LNK4006: "unsigned long dwGlowObjectManager" (?dwGlowObjectManager@@3KA) already defined in AntiFlash.obj; second definition ignored
GlowEsp.obj : warning LNK4006: "unsigned long m_onAir" (?m_onAir@@3KA) already defined in AntiFlash.obj; second definition ignored
GlowEsp.obj : warning LNK4006: "unsigned long m_iCrosshairId" (?m_iCrosshairId@@3KA) already defined in AntiFlash.obj; second definition ignored
GlowEsp.obj : warning LNK4006: "unsigned long m_iHealth" (?m_iHealth@@3KA) already defined in AntiFlash.obj; second definition ignored
GlowEsp.obj : warning LNK4006: "unsigned long m_bSpotted" (?m_bSpotted@@3KA) already defined in AntiFlash.obj; second definition ignored
GlowEsp.obj : warning LNK4006: "unsigned long m_flFlashMaxAlpha" (?m_flFlashMaxAlpha@@3KA) already defined in AntiFlash.obj; second definition ignored
GlowEsp.obj : warning LNK4006: "unsigned long m_iTeamNum" (?m_iTeamNum@@3KA) already defined in AntiFlash.obj; second definition ignored
GlowEsp.obj : warning LNK4006: "unsigned long m_iGlowIndex" (?m_iGlowIndex@@3KA) already defined in AntiFlash.obj; second definition ignored
GlowEsp.obj : warning LNK4006: "struct ActiveCheats Active" (?Active@@3UActiveCheats@@A) already defined in AntiFlash.obj; second definition ignored
GlowEsp.obj : warning LNK4006: "struct MyPlayer Player" (?Player@@3UMyPlayer@@A) already defined in AntiFlash.obj; second definition ignored
GlowEsp.obj : warning LNK4006: "unsigned long dwClient" (?dwClient@@3KA) already defined in AntiFlash.obj; second definition ignored
Radar.obj : warning LNK4006: "class Player * __cdecl GetClosestEnemy(void)" (?GetClosestEnemy@@YAPAVPlayer@@XZ) already defined in AntiFlash.obj; second definition ignored
Radar.obj : warning LNK4006: "void __cdecl Run(void)" (?Run@@YAXXZ) already defined in AntiFlash.obj; second definition ignored
Radar.obj : warning LNK4006: "unsigned long m_dwLocalPlayer" (?m_dwLocalPlayer@@3KA) already defined in AntiFlash.obj; second definition ignored
Radar.obj : warning LNK4006: "unsigned long m_dwForceJump" (?m_dwForceJump@@3KA) already defined in AntiFlash.obj; second definition ignored
Radar.obj : warning LNK4006: "unsigned long dwForceAttack" (?dwForceAttack@@3KA) already defined in AntiFlash.obj; second definition ignored
Radar.obj : warning LNK4006: "unsigned long dwEntityList" (?dwEntityList@@3KA) already defined in AntiFlash.obj; second definition ignored
Radar.obj : warning LNK4006: "unsigned long dwGlowObjectManager" (?dwGlowObjectManager@@3KA) already defined in AntiFlash.obj; second definition ignored
Radar.obj : warning LNK4006: "unsigned long m_onAir" (?m_onAir@@3KA) already defined in AntiFlash.obj; second definition ignored
Radar.obj : warning LNK4006: "unsigned long m_iCrosshairId" (?m_iCrosshairId@@3KA) already defined in AntiFlash.obj; second definition ignored
Radar.obj : warning LNK4006: "unsigned long m_iHealth" (?m_iHealth@@3KA) already defined in AntiFlash.obj; second definition ignored
Radar.obj : warning LNK4006: "unsigned long m_bSpotted" (?m_bSpotted@@3KA) already defined in AntiFlash.obj; second definition ignored
Radar.obj : warning LNK4006: "unsigned long m_flFlashMaxAlpha" (?m_flFlashMaxAlpha@@3KA) already defined in AntiFlash.obj; second definition ignored
Radar.obj : warning LNK4006: "unsigned long m_iTeamNum" (?m_iTeamNum@@3KA) already defined in AntiFlash.obj; second definition ignored
Radar.obj : warning LNK4006: "unsigned long m_iGlowIndex" (?m_iGlowIndex@@3KA) already defined in AntiFlash.obj; second definition ignored
Radar.obj : warning LNK4006: "struct ActiveCheats Active" (?Active@@3UActiveCheats@@A) already defined in AntiFlash.obj; second definition ignored
Radar.obj : warning LNK4006: "struct MyPlayer Player" (?Player@@3UMyPlayer@@A) already defined in AntiFlash.obj; second definition ignored
Radar.obj : warning LNK4006: "unsigned long dwClient" (?dwClient@@3KA) already defined in AntiFlash.obj; second definition ignored
SolaireHub2.obj : warning LNK4006: "class Player * __cdecl GetClosestEnemy(void)" (?GetClosestEnemy@@YAPAVPlayer@@XZ) already defined in AntiFlash.obj; second definition ignored
SolaireHub2.obj : warning LNK4006: "void __cdecl Run(void)" (?Run@@YAXXZ) already defined in AntiFlash.obj; second definition ignored
SolaireHub2.obj : warning LNK4006: "unsigned long m_dwLocalPlayer" (?m_dwLocalPlayer@@3KA) already defined in AntiFlash.obj; second definition ignored
SolaireHub2.obj : warning LNK4006: "unsigned long m_dwForceJump" (?m_dwForceJump@@3KA) already defined in AntiFlash.obj; second definition ignored
SolaireHub2.obj : warning LNK4006: "unsigned long dwForceAttack" (?dwForceAttack@@3KA) already defined in AntiFlash.obj; second definition ignored
SolaireHub2.obj : warning LNK4006: "unsigned long dwEntityList" (?dwEntityList@@3KA) already defined in AntiFlash.obj; second definition ignored
SolaireHub2.obj : warning LNK4006: "unsigned long dwGlowObjectManager" (?dwGlowObjectManager@@3KA) already defined in AntiFlash.obj; second definition ignored
SolaireHub2.obj : warning LNK4006: "unsigned long m_onAir" (?m_onAir@@3KA) already defined in AntiFlash.obj; second definition ignored
SolaireHub2.obj : warning LNK4006: "unsigned long m_iCrosshairId" (?m_iCrosshairId@@3KA) already defined in AntiFlash.obj; second definition ignored
SolaireHub2.obj : warning LNK4006: "unsigned long m_iHealth" (?m_iHealth@@3KA) already defined in AntiFlash.obj; second definition ignored
SolaireHub2.obj : warning LNK4006: "unsigned long m_bSpotted" (?m_bSpotted@@3KA) already defined in AntiFlash.obj; second definition ignored
SolaireHub2.obj : warning LNK4006: "unsigned long m_flFlashMaxAlpha" (?m_flFlashMaxAlpha@@3KA) already defined in AntiFlash.obj; second definition ignored
SolaireHub2.obj : warning LNK4006: "unsigned long m_iTeamNum" (?m_iTeamNum@@3KA) already defined in AntiFlash.obj; second definition ignored
SolaireHub2.obj : warning LNK4006: "unsigned long m_iGlowIndex" (?m_iGlowIndex@@3KA) already defined in AntiFlash.obj; second definition ignored
SolaireHub2.obj : warning LNK4006: "struct ActiveCheats Active" (?Active@@3UActiveCheats@@A) already defined in AntiFlash.obj; second definition ignored
SolaireHub2.obj : warning LNK4006: "struct MyPlayer Player" (?Player@@3UMyPlayer@@A) already defined in AntiFlash.obj; second definition ignored
SolaireHub2.obj : warning LNK4006: "class GlowEsp glowEsp" (?glowEsp@@3VGlowEsp@@A) already defined in CommonMethods.obj; second definition ignored
SolaireHub2.obj : warning LNK4006: "class Radar radar" (?radar@@3VRadar@@A) already defined in CommonMethods.obj; second definition ignored
SolaireHub2.obj : warning LNK4006: "unsigned long dwClient" (?dwClient@@3KA) already defined in AntiFlash.obj; second definition ignored
TriggerBot.obj : warning LNK4006: "class Player * __cdecl GetClosestEnemy(void)" (?GetClosestEnemy@@YAPAVPlayer@@XZ) already defined in AntiFlash.obj; second definition ignored
TriggerBot.obj : warning LNK4006: "void __cdecl Run(void)" (?Run@@YAXXZ) already defined in AntiFlash.obj; second definition ignored
TriggerBot.obj : warning LNK4006: "unsigned long m_dwLocalPlayer" (?m_dwLocalPlayer@@3KA) already defined in AntiFlash.obj; second definition ignored
TriggerBot.obj : warning LNK4006: "unsigned long m_dwForceJump" (?m_dwForceJump@@3KA) already defined in AntiFlash.obj; second definition ignored
TriggerBot.obj : warning LNK4006: "unsigned long dwForceAttack" (?dwForceAttack@@3KA) already defined in AntiFlash.obj; second definition ignored
TriggerBot.obj : warning LNK4006: "unsigned long dwEntityList" (?dwEntityList@@3KA) already defined in AntiFlash.obj; second definition ignored
TriggerBot.obj : warning LNK4006: "unsigned long dwGlowObjectManager" (?dwGlowObjectManager@@3KA) already defined in AntiFlash.obj; second definition ignored
TriggerBot.obj : warning LNK4006: "unsigned long m_onAir" (?m_onAir@@3KA) already defined in AntiFlash.obj; second definition ignored
TriggerBot.obj : warning LNK4006: "unsigned long m_iCrosshairId" (?m_iCrosshairId@@3KA) already defined in AntiFlash.obj; second definition ignored
TriggerBot.obj : warning LNK4006: "unsigned long m_iHealth" (?m_iHealth@@3KA) already defined in AntiFlash.obj; second definition ignored
TriggerBot.obj : warning LNK4006: "unsigned long m_bSpotted" (?m_bSpotted@@3KA) already defined in AntiFlash.obj; second definition ignored
TriggerBot.obj : warning LNK4006: "unsigned long m_flFlashMaxAlpha" (?m_flFlashMaxAlpha@@3KA) already defined in AntiFlash.obj; second definition ignored
TriggerBot.obj : warning LNK4006: "unsigned long m_iTeamNum" (?m_iTeamNum@@3KA) already defined in AntiFlash.obj; second definition ignored
TriggerBot.obj : warning LNK4006: "unsigned long m_iGlowIndex" (?m_iGlowIndex@@3KA) already defined in AntiFlash.obj; second definition ignored
TriggerBot.obj : warning LNK4006: "struct ActiveCheats Active" (?Active@@3UActiveCheats@@A) already defined in AntiFlash.obj; second definition ignored
TriggerBot.obj : warning LNK4006: "struct MyPlayer Player" (?Player@@3UMyPlayer@@A) already defined in AntiFlash.obj; second definition ignored
TriggerBot.obj : warning LNK4006: "class CommonMethods commonMethods" (?commonMethods@@3VCommonMethods@@A) already defined in SolaireHub2.obj; second definition ignored
TriggerBot.obj : warning LNK4006: "unsigned long dwClient" (?dwClient@@3KA) already defined in AntiFlash.obj; second definition ignored
H:\_HACKS\csgo\Internals\CSGO_Internals\Debug\CSGO_Internals.dll : warning LNK4088: image being generated due to /FORCE option; image may not run
  CSGO_Internals.vcxproj -> H:\_HACKS\csgo\Internals\CSGO_Internals\Debug\CSGO_Internals.dll
