h:\_hacks\csgo\internals\csgo_internals\solairehubinternals\csgo_internals\debug\csgo_internals.pch
h:\_hacks\csgo\internals\csgo_internals\solairehubinternals\csgo_internals\debug\vc141.pdb
h:\_hacks\csgo\internals\csgo_internals\solairehubinternals\csgo_internals\debug\vc141.idb
h:\_hacks\csgo\internals\csgo_internals\solairehubinternals\csgo_internals\debug\stdafx.obj
h:\_hacks\csgo\internals\csgo_internals\solairehubinternals\csgo_internals\debug\triggerbot.obj
h:\_hacks\csgo\internals\csgo_internals\solairehubinternals\csgo_internals\debug\solairehub2.obj
h:\_hacks\csgo\internals\csgo_internals\solairehubinternals\csgo_internals\debug\radar.obj
h:\_hacks\csgo\internals\csgo_internals\solairehubinternals\csgo_internals\debug\localplayer.obj
h:\_hacks\csgo\internals\csgo_internals\solairehubinternals\csgo_internals\debug\glowesp.obj
h:\_hacks\csgo\internals\csgo_internals\solairehubinternals\csgo_internals\debug\commonmethods.obj
h:\_hacks\csgo\internals\csgo_internals\solairehubinternals\csgo_internals\debug\chams.obj
h:\_hacks\csgo\internals\csgo_internals\solairehubinternals\csgo_internals\debug\bhop.obj
h:\_hacks\csgo\internals\csgo_internals\solairehubinternals\csgo_internals\debug\antiflash.obj
h:\_hacks\csgo\internals\csgo_internals\solairehubinternals\csgo_internals\debug\aimbot.obj
h:\_hacks\csgo\internals\csgo_internals\solairehubinternals\debug\csgo_internals.dll
h:\_hacks\csgo\internals\csgo_internals\solairehubinternals\debug\csgo_internals.pdb
h:\_hacks\csgo\internals\csgo_internals\solairehubinternals\csgo_internals\debug\csgo_internals.tlog\cl.command.1.tlog
h:\_hacks\csgo\internals\csgo_internals\solairehubinternals\csgo_internals\debug\csgo_internals.tlog\cl.read.1.tlog
h:\_hacks\csgo\internals\csgo_internals\solairehubinternals\csgo_internals\debug\csgo_internals.tlog\cl.write.1.tlog
h:\_hacks\csgo\internals\csgo_internals\solairehubinternals\csgo_internals\debug\csgo_internals.tlog\link.command.1.tlog
h:\_hacks\csgo\internals\csgo_internals\solairehubinternals\csgo_internals\debug\csgo_internals.tlog\link.read.1.tlog
h:\_hacks\csgo\internals\csgo_internals\solairehubinternals\csgo_internals\debug\csgo_internals.tlog\link.write.1.tlog
